== Sinatra/1.4.3 has taken the stage on 4567 for production with backup from Thin
== Sinatra/1.4.3 has taken the stage on 4567 for production with backup from Thin
== Sinatra/1.4.3 has taken the stage on 4567 for production with backup from Thin
== Sinatra/1.4.3 has taken the stage on 4567 for production with backup from Thin
== Sinatra/1.4.3 has taken the stage on 4567 for production with backup from Thin
== Sinatra/1.4.3 has taken the stage on 4567 for production with backup from Thin
== Sinatra/1.4.3 has taken the stage on 4567 for production with backup from Thin
== Sinatra/1.4.3 has taken the stage on 4567 for production with backup from Thin
== Sinatra/1.4.3 has taken the stage on 4567 for production with backup from Thin
[
  [0] :title,
  [1] :author,
  [2] :email,
  [3] :date,
  [4] :content
]
== Sinatra/1.4.3 has taken the stage on 4567 for production with backup from Thin
[
  [0] :title,
  [1] :author,
  [2] :email,
  [3] :date,
  [4] :content
]
== Sinatra/1.4.3 has taken the stage on 4567 for production with backup from Thin
== Sinatra/1.4.3 has taken the stage on 4567 for production with backup from Thin
== Sinatra/1.4.3 has taken the stage on 4567 for production with backup from Thin
== Sinatra/1.4.3 has taken the stage on 4567 for production with backup from Thin
== Sinatra/1.4.3 has taken the stage on 4567 for production with backup from Thin
== Sinatra/1.4.3 has taken the stage on 4567 for production with backup from Thin
== Sinatra/1.4.3 has taken the stage on 4567 for production with backup from Thin
== Sinatra/1.4.3 has taken the stage on 4567 for production with backup from Thin
== Sinatra/1.4.3 has taken the stage on 4567 for production with backup from Thin
== Sinatra/1.4.3 has taken the stage on 4567 for production with backup from Thin
== Sinatra/1.4.3 has taken the stage on 4567 for production with backup from Thin
== Sinatra/1.4.3 has taken the stage on 4567 for production with backup from Thin
== Sinatra/1.4.3 has taken the stage on 4567 for production with backup from Thin
== Sinatra/1.4.3 has taken the stage on 4567 for production with backup from Thin
== Sinatra/1.4.3 has taken the stage on 4567 for production with backup from Thin
== Sinatra/1.4.3 has taken the stage on 4567 for production with backup from Thin
== Sinatra/1.4.3 has taken the stage on 4567 for production with backup from Thin
== Sinatra/1.4.3 has taken the stage on 4567 for production with backup from Thin
== Sinatra/1.4.3 has taken the stage on 4567 for production with backup from Thin
== Sinatra/1.4.3 has taken the stage on 4567 for production with backup from Thin
== Sinatra/1.4.3 has taken the stage on 4567 for production with backup from Thin
== Sinatra/1.4.3 has taken the stage on 4567 for production with backup from Thin
== Sinatra/1.4.3 has taken the stage on 4567 for production with backup from Thin
== Sinatra/1.4.3 has taken the stage on 4567 for production with backup from Thin
== Sinatra/1.4.3 has taken the stage on 4567 for production with backup from Thin
== Sinatra/1.4.3 has taken the stage on 4567 for production with backup from Thin
== Sinatra/1.4.3 has taken the stage on 4567 for production with backup from Thin
== Sinatra/1.4.3 has taken the stage on 4567 for production with backup from Thin
== Sinatra/1.4.3 has taken the stage on 4567 for production with backup from Thin
== Sinatra/1.4.3 has taken the stage on 4567 for production with backup from Thin
== Sinatra/1.4.3 has taken the stage on 4567 for production with backup from Thin
== Sinatra/1.4.3 has taken the stage on 4567 for production with backup from Thin
== Sinatra/1.4.3 has taken the stage on 4567 for production with backup from Thin
== Sinatra/1.4.3 has taken the stage on 4567 for production with backup from Thin
== Sinatra/1.4.3 has taken the stage on 4567 for production with backup from Thin
== Sinatra/1.4.3 has taken the stage on 4567 for production with backup from Thin
== Sinatra/1.4.3 has taken the stage on 4567 for production with backup from Thin
== Sinatra/1.4.3 has taken the stage on 4567 for production with backup from Thin
