# Logfile created on 2014-01-06 10:16:05 +0100 by logger.rb/44203
I, [2014-01-06T10:16:05.254547 #19940]  INFO -- : 2:  awesome_print (1.2.0) from /Users/le_fnord/.rbenv/versions/2.1.0/lib/ruby/gems/2.1.0/specifications/awesome_print-1.2.0.gemspec
I, [2014-01-06T10:16:07.289245 #19941]  INFO -- : 3:  coffee-script-source (1.6.3) from /Users/le_fnord/.rbenv/versions/2.1.0/lib/ruby/gems/2.1.0/specifications/coffee-script-source-1.6.3.gemspec
I, [2014-01-06T10:16:07.294452 #19938]  INFO -- : 0:  execjs (2.0.2) from /Users/le_fnord/.rbenv/versions/2.1.0/lib/ruby/gems/2.1.0/specifications/execjs-2.0.2.gemspec
I, [2014-01-06T10:16:07.295807 #19938]  INFO -- : 0:  tilt (1.4.1) from /Users/le_fnord/.rbenv/versions/2.1.0/lib/ruby/gems/2.1.0/specifications/tilt-1.4.1.gemspec
I, [2014-01-06T10:16:07.349232 #19940]  INFO -- : 2:  daemons (1.1.9) from /Users/le_fnord/.rbenv/versions/2.1.0/lib/ruby/gems/2.1.0/specifications/daemons-1.1.9.gemspec
I, [2014-01-06T10:16:07.350179 #19940]  INFO -- : 2:  multi_json (1.8.2) from /Users/le_fnord/.rbenv/versions/2.1.0/lib/ruby/gems/2.1.0/specifications/multi_json-1.8.2.gemspec
I, [2014-01-06T10:16:07.350940 #19940]  INFO -- : 2:  rack (1.5.2) from /Users/le_fnord/.rbenv/versions/2.1.0/lib/ruby/gems/2.1.0/specifications/rack-1.5.2.gemspec
I, [2014-01-06T10:16:07.616171 #19939]  INFO -- : 1:  backports (3.3.5) from /Users/le_fnord/.rbenv/versions/2.1.0/lib/ruby/gems/2.1.0/specifications/backports-3.3.5.gemspec
I, [2014-01-06T10:16:07.617029 #19939]  INFO -- : 1:  bundler (1.5.0) from /Users/le_fnord/.rbenv/versions/2.1.0/lib/ruby/gems/2.1.0/specifications/bundler-1.5.0.gemspec
I, [2014-01-06T10:16:08.839333 #19939]  INFO -- : 1:  coffee-script (2.2.0) from /Users/le_fnord/.rbenv/versions/2.1.0/lib/ruby/gems/2.1.0/specifications/coffee-script-2.2.0.gemspec
I, [2014-01-06T10:16:09.980726 #19940]  INFO -- : 2:  sass (3.2.12) from /Users/le_fnord/.rbenv/versions/2.1.0/lib/ruby/gems/2.1.0/specifications/sass-3.2.12.gemspec
I, [2014-01-06T10:16:09.982545 #19940]  INFO -- : 2:  rack-protection (1.5.1) from /Users/le_fnord/.rbenv/versions/2.1.0/lib/ruby/gems/2.1.0/specifications/rack-protection-1.5.1.gemspec
I, [2014-01-06T10:16:10.726831 #19938]  INFO -- : 0:  kramdown (1.2.0) from /Users/le_fnord/.rbenv/versions/2.1.0/lib/ruby/gems/2.1.0/specifications/kramdown-1.2.0.gemspec
I, [2014-01-06T10:16:10.727954 #19938]  INFO -- : 0:  sinatra (1.4.4) from /Users/le_fnord/.rbenv/versions/2.1.0/lib/ruby/gems/2.1.0/specifications/sinatra-1.4.4.gemspec
I, [2014-01-06T10:16:10.875794 #19939]  INFO -- : 1:  haml (4.0.4) from /Users/le_fnord/.rbenv/versions/2.1.0/lib/ruby/gems/2.1.0/specifications/haml-4.0.4.gemspec
I, [2014-01-06T10:16:11.419274 #19940]  INFO -- : 2:  rack-test (0.6.2) from /Users/le_fnord/.rbenv/versions/2.1.0/lib/ruby/gems/2.1.0/specifications/rack-test-0.6.2.gemspec
I, [2014-01-06T10:16:13.707865 #19938]  INFO -- : 0:  sinatra-contrib (1.4.2) from /Users/le_fnord/.rbenv/versions/2.1.0/lib/ruby/gems/2.1.0/specifications/sinatra-contrib-1.4.2.gemspec
I, [2014-01-06T10:16:15.198636 #19939]  INFO -- : 1:  sinatra-reloader (1.0) from /Users/le_fnord/.rbenv/versions/2.1.0/lib/ruby/gems/2.1.0/specifications/sinatra-reloader-1.0.gemspec
E, [2014-01-06T10:16:22.392488 #19941] ERROR -- : SystemExit: exit
/Users/le_fnord/.rbenv/versions/2.1.0/lib/ruby/gems/2.1.0/gems/bundler-1.5.0/bin/bundle:4:in `exit'  \n/Users/le_fnord/.rbenv/versions/2.1.0/lib/ruby/gems/2.1.0/gems/bundler-1.5.0/bin/bundle:4:in `block in <top (required)>'  \n/Users/le_fnord/.rbenv/versions/2.1.0/lib/ruby/2.1.0/rubygems/ext/builder.rb:73:in `call'  \n/Users/le_fnord/.rbenv/versions/2.1.0/lib/ruby/2.1.0/rubygems/ext/builder.rb:73:in ``'  \n/Users/le_fnord/.rbenv/versions/2.1.0/lib/ruby/2.1.0/rubygems/ext/builder.rb:73:in `run'  \n/Users/le_fnord/.rbenv/versions/2.1.0/lib/ruby/2.1.0/rubygems/ext/ext_conf_builder.rb:37:in `block in build'  \n/Users/le_fnord/.rbenv/versions/2.1.0/lib/ruby/2.1.0/tempfile.rb:324:in `open'  \n/Users/le_fnord/.rbenv/versions/2.1.0/lib/ruby/2.1.0/rubygems/ext/ext_conf_builder.rb:17:in `build'  \n/Users/le_fnord/.rbenv/versions/2.1.0/lib/ruby/2.1.0/rubygems/ext/builder.rb:161:in `block (2 levels) in build_extension'  \n/Users/le_fnord/.rbenv/versions/2.1.0/lib/ruby/2.1.0/rubygems/ext/builder.rb:160:in `chdir'  \n/Users/le_fnord/.rbenv/versions/2.1.0/lib/ruby/2.1.0/rubygems/ext/builder.rb:160:in `block in build_extension'  \n/Users/le_fnord/.rbenv/versions/2.1.0/lib/ruby/2.1.0/rubygems/ext/builder.rb:159:in `synchronize'  \n/Users/le_fnord/.rbenv/versions/2.1.0/lib/ruby/2.1.0/rubygems/ext/builder.rb:159:in `build_extension'  \n/Users/le_fnord/.rbenv/versions/2.1.0/lib/ruby/2.1.0/rubygems/ext/builder.rb:198:in `block in build_extensions'  \n/Users/le_fnord/.rbenv/versions/2.1.0/lib/ruby/2.1.0/rubygems/ext/builder.rb:195:in `each'  \n/Users/le_fnord/.rbenv/versions/2.1.0/lib/ruby/2.1.0/rubygems/ext/builder.rb:195:in `build_extensions'  \n/Users/le_fnord/.rbenv/versions/2.1.0/lib/ruby/2.1.0/rubygems/installer.rb:677:in `build_extensions'  \n/Users/le_fnord/.rbenv/versions/2.1.0/lib/ruby/2.1.0/rubygems/installer.rb:232:in `install'  \n/Users/le_fnord/.rbenv/versions/2.1.0/lib/ruby/gems/2.1.0/gems/bundler-1.5.0/lib/bundler/source/rubygems.rb:101:in `block in install'  \n/Users/le_fnord/.rbenv/versions/2.1.0/lib/ruby/gems/2.1.0/gems/bundler-1.5.0/lib/bundler/rubygems_integration.rb:118:in `preserve_paths'  \n/Users/le_fnord/.rbenv/versions/2.1.0/lib/ruby/gems/2.1.0/gems/bundler-1.5.0/lib/bundler/source/rubygems.rb:94:in `install'  \n/Users/le_fnord/.rbenv/versions/2.1.0/lib/ruby/gems/2.1.0/gems/bundler-1.5.0/lib/bundler/installer.rb:111:in `block in install_gem_from_spec'  \n/Users/le_fnord/.rbenv/versions/2.1.0/lib/ruby/gems/2.1.0/gems/bundler-1.5.0/lib/bundler/rubygems_integration.rb:150:in `with_build_args'  \n/Users/le_fnord/.rbenv/versions/2.1.0/lib/ruby/gems/2.1.0/gems/bundler-1.5.0/lib/bundler/installer.rb:110:in `install_gem_from_spec'  \n/Users/le_fnord/.rbenv/versions/2.1.0/lib/ruby/gems/2.1.0/gems/bundler-1.5.0/lib/bundler/installer.rb:313:in `block in install_in_parallel'  \n/Users/le_fnord/.rbenv/versions/2.1.0/lib/ruby/gems/2.1.0/gems/bundler-1.5.0/lib/bundler/parallel_workers/unix_worker.rb:42:in `call'  \n/Users/le_fnord/.rbenv/versions/2.1.0/lib/ruby/gems/2.1.0/gems/bundler-1.5.0/lib/bundler/parallel_workers/unix_worker.rb:42:in `block (2 levels) in prepare_workers'  \n/Users/le_fnord/.rbenv/versions/2.1.0/lib/ruby/gems/2.1.0/gems/bundler-1.5.0/lib/bundler/parallel_workers/unix_worker.rb:35:in `fork'  \n/Users/le_fnord/.rbenv/versions/2.1.0/lib/ruby/gems/2.1.0/gems/bundler-1.5.0/lib/bundler/parallel_workers/unix_worker.rb:35:in `block in prepare_workers'  \n/Users/le_fnord/.rbenv/versions/2.1.0/lib/ruby/gems/2.1.0/gems/bundler-1.5.0/lib/bundler/parallel_workers/unix_worker.rb:31:in `times'  \n/Users/le_fnord/.rbenv/versions/2.1.0/lib/ruby/gems/2.1.0/gems/bundler-1.5.0/lib/bundler/parallel_workers/unix_worker.rb:31:in `each'  \n/Users/le_fnord/.rbenv/versions/2.1.0/lib/ruby/gems/2.1.0/gems/bundler-1.5.0/lib/bundler/parallel_workers/unix_worker.rb:31:in `map'  \n/Users/le_fnord/.rbenv/versions/2.1.0/lib/ruby/gems/2.1.0/gems/bundler-1.5.0/lib/bundler/parallel_workers/unix_worker.rb:31:in `prepare_workers'  \n/Users/le_fnord/.rbenv/versions/2.1.0/lib/ruby/gems/2.1.0/gems/bundler-1.5.0/lib/bundler/parallel_workers/worker.rb:20:in `initialize'  \n/Users/le_fnord/.rbenv/versions/2.1.0/lib/ruby/gems/2.1.0/gems/bundler-1.5.0/lib/bundler/parallel_workers/unix_worker.rb:20:in `initialize'  \n/Users/le_fnord/.rbenv/versions/2.1.0/lib/ruby/gems/2.1.0/gems/bundler-1.5.0/lib/bundler/parallel_workers.rb:14:in `new'  \n/Users/le_fnord/.rbenv/versions/2.1.0/lib/ruby/gems/2.1.0/gems/bundler-1.5.0/lib/bundler/parallel_workers.rb:14:in `worker_pool'  \n/Users/le_fnord/.rbenv/versions/2.1.0/lib/ruby/gems/2.1.0/gems/bundler-1.5.0/lib/bundler/installer.rb:311:in `install_in_parallel'  \n/Users/le_fnord/.rbenv/versions/2.1.0/lib/ruby/gems/2.1.0/gems/bundler-1.5.0/lib/bundler/installer.rb:95:in `run'  \n/Users/le_fnord/.rbenv/versions/2.1.0/lib/ruby/gems/2.1.0/gems/bundler-1.5.0/lib/bundler/installer.rb:15:in `install'  \n/Users/le_fnord/.rbenv/versions/2.1.0/lib/ruby/gems/2.1.0/gems/bundler-1.5.0/lib/bundler/cli.rb:257:in `install'  \n/Users/le_fnord/.rbenv/versions/2.1.0/lib/ruby/gems/2.1.0/gems/bundler-1.5.0/lib/bundler/vendor/thor/command.rb:27:in `run'  \n/Users/le_fnord/.rbenv/versions/2.1.0/lib/ruby/gems/2.1.0/gems/bundler-1.5.0/lib/bundler/vendor/thor/invocation.rb:120:in `invoke_command'  \n/Users/le_fnord/.rbenv/versions/2.1.0/lib/ruby/gems/2.1.0/gems/bundler-1.5.0/lib/bundler/vendor/thor.rb:363:in `dispatch'  \n/Users/le_fnord/.rbenv/versions/2.1.0/lib/ruby/gems/2.1.0/gems/bundler-1.5.0/lib/bundler/vendor/thor/base.rb:438:in `start'  \n/Users/le_fnord/.rbenv/versions/2.1.0/lib/ruby/gems/2.1.0/gems/bundler-1.5.0/lib/bundler/cli.rb:10:in `start'  \n/Users/le_fnord/.rbenv/versions/2.1.0/lib/ruby/gems/2.1.0/gems/bundler-1.5.0/bin/bundle:22:in `block in <top (required)>'  \n/Users/le_fnord/.rbenv/versions/2.1.0/lib/ruby/gems/2.1.0/gems/bundler-1.5.0/lib/bundler/friendly_errors.rb:5:in `with_friendly_errors'  \n/Users/le_fnord/.rbenv/versions/2.1.0/lib/ruby/gems/2.1.0/gems/bundler-1.5.0/bin/bundle:22:in `<top (required)>'  \n/Users/le_fnord/.rbenv/versions/2.1.0/bin/bundle:23:in `load'  \n/Users/le_fnord/.rbenv/versions/2.1.0/bin/bundle:23:in `<main>'
I, [2014-01-06T10:16:38.677306 #20122]  INFO -- : 3:  coffee-script-source (1.6.3) from /Users/le_fnord/.rbenv/versions/2.1.0/lib/ruby/gems/2.1.0/specifications/coffee-script-source-1.6.3.gemspec
I, [2014-01-06T10:16:38.677243 #20121]  INFO -- : 2:  awesome_print (1.2.0) from /Users/le_fnord/.rbenv/versions/2.1.0/lib/ruby/gems/2.1.0/specifications/awesome_print-1.2.0.gemspec
I, [2014-01-06T10:16:38.677243 #20119]  INFO -- : 0:  execjs (2.0.2) from /Users/le_fnord/.rbenv/versions/2.1.0/lib/ruby/gems/2.1.0/specifications/execjs-2.0.2.gemspec
I, [2014-01-06T10:16:38.679132 #20119]  INFO -- : 0:  daemons (1.1.9) from /Users/le_fnord/.rbenv/versions/2.1.0/lib/ruby/gems/2.1.0/specifications/daemons-1.1.9.gemspec
I, [2014-01-06T10:16:38.679949 #20122]  INFO -- : 3:  tilt (1.4.1) from /Users/le_fnord/.rbenv/versions/2.1.0/lib/ruby/gems/2.1.0/specifications/tilt-1.4.1.gemspec
I, [2014-01-06T10:16:38.681444 #20122]  INFO -- : 3:  multi_json (1.8.2) from /Users/le_fnord/.rbenv/versions/2.1.0/lib/ruby/gems/2.1.0/specifications/multi_json-1.8.2.gemspec
I, [2014-01-06T10:16:38.682920 #20122]  INFO -- : 3:  rack (1.5.2) from /Users/le_fnord/.rbenv/versions/2.1.0/lib/ruby/gems/2.1.0/specifications/rack-1.5.2.gemspec
I, [2014-01-06T10:16:40.807913 #20120]  INFO -- : 1:  backports (3.4.0) from /Users/le_fnord/.rbenv/versions/2.1.0/lib/ruby/gems/2.1.0/specifications/backports-3.4.0.gemspec
I, [2014-01-06T10:16:40.818978 #20120]  INFO -- : 1:  bundler (1.5.0) from /Users/le_fnord/.rbenv/versions/2.1.0/lib/ruby/gems/2.1.0/specifications/bundler-1.5.0.gemspec
I, [2014-01-06T10:16:40.819927 #20120]  INFO -- : 1:  coffee-script (2.2.0) from /Users/le_fnord/.rbenv/versions/2.1.0/lib/ruby/gems/2.1.0/specifications/coffee-script-2.2.0.gemspec
I, [2014-01-06T10:16:40.820632 #20120]  INFO -- : 1:  haml (4.0.4) from /Users/le_fnord/.rbenv/versions/2.1.0/lib/ruby/gems/2.1.0/specifications/haml-4.0.4.gemspec
I, [2014-01-06T10:16:40.821859 #20120]  INFO -- : 1:  rack-protection (1.5.1) from /Users/le_fnord/.rbenv/versions/2.1.0/lib/ruby/gems/2.1.0/specifications/rack-protection-1.5.1.gemspec
I, [2014-01-06T10:16:40.829662 #20120]  INFO -- : 1:  rack-test (0.6.2) from /Users/le_fnord/.rbenv/versions/2.1.0/lib/ruby/gems/2.1.0/specifications/rack-test-0.6.2.gemspec
I, [2014-01-06T10:16:40.833167 #20120]  INFO -- : 1:  sinatra (1.4.4) from /Users/le_fnord/.rbenv/versions/2.1.0/lib/ruby/gems/2.1.0/specifications/sinatra-1.4.4.gemspec
I, [2014-01-06T10:16:40.834647 #20120]  INFO -- : 1:  sinatra-contrib (1.4.2) from /Users/le_fnord/.rbenv/versions/2.1.0/lib/ruby/gems/2.1.0/specifications/sinatra-contrib-1.4.2.gemspec
I, [2014-01-06T10:16:40.835821 #20120]  INFO -- : 1:  sinatra-reloader (1.0) from /Users/le_fnord/.rbenv/versions/2.1.0/lib/ruby/gems/2.1.0/specifications/sinatra-reloader-1.0.gemspec
I, [2014-01-06T10:16:41.391580 #20119]  INFO -- : 0:  kramdown (1.3.1) from /Users/le_fnord/.rbenv/versions/2.1.0/lib/ruby/gems/2.1.0/specifications/kramdown-1.3.1.gemspec
I, [2014-01-06T10:16:41.437048 #20122]  INFO -- : 3:  sass (3.2.13) from /Users/le_fnord/.rbenv/versions/2.1.0/lib/ruby/gems/2.1.0/specifications/sass-3.2.13.gemspec
I, [2014-01-06T10:16:50.793289 #20121]  INFO -- : 2:  eventmachine (1.0.3) from /Users/le_fnord/.rbenv/versions/2.1.0/lib/ruby/gems/2.1.0/specifications/eventmachine-1.0.3.gemspec
I, [2014-01-06T10:16:53.219558 #20120]  INFO -- : 1:  thin (1.6.1) from /Users/le_fnord/.rbenv/versions/2.1.0/lib/ruby/gems/2.1.0/specifications/thin-1.6.1.gemspec
I, [2014-01-06T10:18:40.441111 #21014]  INFO -- : 3:  coffee-script-source (1.6.3) from /Users/le_fnord/.rbenv/versions/2.1.0/lib/ruby/gems/2.1.0/specifications/coffee-script-source-1.6.3.gemspec
I, [2014-01-06T10:18:40.441111 #21012]  INFO -- : 1:  backports (3.4.0) from /Users/le_fnord/.rbenv/versions/2.1.0/lib/ruby/gems/2.1.0/specifications/backports-3.4.0.gemspec
I, [2014-01-06T10:18:40.441691 #21013]  INFO -- : 2:  awesome_print (1.2.0) from /Users/le_fnord/.rbenv/versions/2.1.0/lib/ruby/gems/2.1.0/specifications/awesome_print-1.2.0.gemspec
I, [2014-01-06T10:18:40.443055 #21014]  INFO -- : 3:  daemons (1.1.9) from /Users/le_fnord/.rbenv/versions/2.1.0/lib/ruby/gems/2.1.0/specifications/daemons-1.1.9.gemspec
I, [2014-01-06T10:18:40.443516 #21012]  INFO -- : 1:  eventmachine (1.0.3) from /Users/le_fnord/.rbenv/versions/2.1.0/lib/ruby/gems/2.1.0/specifications/eventmachine-1.0.3.gemspec
I, [2014-01-06T10:18:40.443556 #21013]  INFO -- : 2:  tilt (1.4.1) from /Users/le_fnord/.rbenv/versions/2.1.0/lib/ruby/gems/2.1.0/specifications/tilt-1.4.1.gemspec
I, [2014-01-06T10:18:40.445118 #21013]  INFO -- : 2:  multi_json (1.8.2) from /Users/le_fnord/.rbenv/versions/2.1.0/lib/ruby/gems/2.1.0/specifications/multi_json-1.8.2.gemspec
I, [2014-01-06T10:18:40.444855 #21012]  INFO -- : 1:  kramdown (1.3.1) from /Users/le_fnord/.rbenv/versions/2.1.0/lib/ruby/gems/2.1.0/specifications/kramdown-1.3.1.gemspec
I, [2014-01-06T10:18:40.445640 #21014]  INFO -- : 3:  rack (1.5.2) from /Users/le_fnord/.rbenv/versions/2.1.0/lib/ruby/gems/2.1.0/specifications/rack-1.5.2.gemspec
I, [2014-01-06T10:18:40.446278 #21011]  INFO -- : 0:  execjs (2.0.2) from /Users/le_fnord/.rbenv/versions/2.1.0/lib/ruby/gems/2.1.0/specifications/execjs-2.0.2.gemspec
I, [2014-01-06T10:18:40.446548 #21013]  INFO -- : 2:  sass (3.2.13) from /Users/le_fnord/.rbenv/versions/2.1.0/lib/ruby/gems/2.1.0/specifications/sass-3.2.13.gemspec
I, [2014-01-06T10:18:40.446751 #21012]  INFO -- : 1:  bundler (1.5.0) from /Users/le_fnord/.rbenv/versions/2.1.0/lib/ruby/gems/2.1.0/specifications/bundler-1.5.0.gemspec
I, [2014-01-06T10:18:40.447083 #21014]  INFO -- : 3:  haml (4.0.4) from /Users/le_fnord/.rbenv/versions/2.1.0/lib/ruby/gems/2.1.0/specifications/haml-4.0.4.gemspec
I, [2014-01-06T10:18:40.447958 #21012]  INFO -- : 1:  rack-protection (1.5.1) from /Users/le_fnord/.rbenv/versions/2.1.0/lib/ruby/gems/2.1.0/specifications/rack-protection-1.5.1.gemspec
I, [2014-01-06T10:18:40.448140 #21013]  INFO -- : 2:  rack-test (0.6.2) from /Users/le_fnord/.rbenv/versions/2.1.0/lib/ruby/gems/2.1.0/specifications/rack-test-0.6.2.gemspec
I, [2014-01-06T10:18:40.448414 #21014]  INFO -- : 3:  thin (1.6.1) from /Users/le_fnord/.rbenv/versions/2.1.0/lib/ruby/gems/2.1.0/specifications/thin-1.6.1.gemspec
I, [2014-01-06T10:18:40.448787 #21011]  INFO -- : 0:  coffee-script (2.2.0) from /Users/le_fnord/.rbenv/versions/2.1.0/lib/ruby/gems/2.1.0/specifications/coffee-script-2.2.0.gemspec
I, [2014-01-06T10:18:40.449068 #21013]  INFO -- : 2:  sinatra (1.4.4) from /Users/le_fnord/.rbenv/versions/2.1.0/lib/ruby/gems/2.1.0/specifications/sinatra-1.4.4.gemspec
I, [2014-01-06T10:18:40.449740 #21012]  INFO -- : 1:  sinatra-contrib (1.4.2) from /Users/le_fnord/.rbenv/versions/2.1.0/lib/ruby/gems/2.1.0/specifications/sinatra-contrib-1.4.2.gemspec
I, [2014-01-06T10:18:40.450522 #21014]  INFO -- : 3:  sinatra-reloader (1.0) from /Users/le_fnord/.rbenv/versions/2.1.0/lib/ruby/gems/2.1.0/specifications/sinatra-reloader-1.0.gemspec
